<?xml version="1.0" encoding="UTF-8"?>
<beans 	xmlns="http://www.springframework.org/schema/beans"
		xmlns:xsi="http://www.w3.org/2001/XMLSchema-instance"
		xmlns:context="http://www.springframework.org/schema/context"
		xmlns:p="http://www.springframework.org/schema/p"
		xmlns:c="http://www.springframework.org/schema/c"
		xsi:schemaLocation="http://www.springframework.org/schema/beans
          http://www.springframework.org/schema/beans/spring-beans-3.0.xsd
          http://www.springframework.org/schema/context
          http://www.springframework.org/schema/context/spring-context-3.0.xsd">

	<context:component-scan base-package="com.desropolis.st" />

	<bean class="com.googlecode.objectify.spring.ObjectifyFactoryBean"
		p:basePackage="com.desropolis.st.model.admin" />

	<bean id="dsConfig"
		class="com.google.appengine.tools.development.testing.LocalDatastoreServiceTestConfig" />

	<bean
		class="com.google.appengine.tools.development.testing.LocalServiceTestHelper">
		<constructor-arg ref="dsConfig" />
	</bean>

</beans>
